
**** Build of configuration Debug for project Zadatak1 ****

"C:\\ti\\ccsv6\\utils\\bin\\gmake" -k all 
'Building file: ../filter_coeff.c'
'Invoking: C5500 Compiler'
"C:/ti/ccsv6/tools/compiler/c5500_4.4.1/bin/cl55" -v5515 --memory_model=large -g --include_path="C:/ti/ccsv6/tools/compiler/c5500_4.4.1/include" --include_path="C:/Users/student/Desktop/ra46-2014/Vezba 1/Vezba 1/c55xx_csl/inc" --include_path="C:/Users/student/Desktop/ra46-2014/Vezba 1/Vezba 1/include" --define=c5535 --diag_warning=225 --ptrdiff_size=16 --preproc_with_compile --preproc_dependency="filter_coeff.pp"  "../filter_coeff.c"
'Finished building: ../filter_coeff.c'
' '
'Building file: ../fir.c'
'Invoking: C5500 Compiler'
"C:/ti/ccsv6/tools/compiler/c5500_4.4.1/bin/cl55" -v5515 --memory_model=large -g --include_path="C:/ti/ccsv6/tools/compiler/c5500_4.4.1/include" --include_path="C:/Users/student/Desktop/ra46-2014/Vezba 1/Vezba 1/c55xx_csl/inc" --include_path="C:/Users/student/Desktop/ra46-2014/Vezba 1/Vezba 1/include" --define=c5535 --diag_warning=225 --ptrdiff_size=16 --preproc_with_compile --preproc_dependency="fir.pp"  "../fir.c"
'Finished building: ../fir.c'
' '
'Building file: ../main.c'
'Invoking: C5500 Compiler'
"C:/ti/ccsv6/tools/compiler/c5500_4.4.1/bin/cl55" -v5515 --memory_model=large -g --include_path="C:/ti/ccsv6/tools/compiler/c5500_4.4.1/include" --include_path="C:/Users/student/Desktop/ra46-2014/Vezba 1/Vezba 1/c55xx_csl/inc" --include_path="C:/Users/student/Desktop/ra46-2014/Vezba 1/Vezba 1/include" --define=c5535 --diag_warning=225 --ptrdiff_size=16 --preproc_with_compile --preproc_dependency="main.pp"  "../main.c"
'Finished building: ../main.c'
' '
'Building file: ../processing.c'
'Invoking: C5500 Compiler'
"C:/ti/ccsv6/tools/compiler/c5500_4.4.1/bin/cl55" -v5515 --memory_model=large -g --include_path="C:/ti/ccsv6/tools/compiler/c5500_4.4.1/include" --include_path="C:/Users/student/Desktop/ra46-2014/Vezba 1/Vezba 1/c55xx_csl/inc" --include_path="C:/Users/student/Desktop/ra46-2014/Vezba 1/Vezba 1/include" --define=c5535 --diag_warning=225 --ptrdiff_size=16 --preproc_with_compile --preproc_dependency="processing.pp"  "../processing.c"
"../processing.c", line 16: warning: expression has no effect
'Finished building: ../processing.c'
' '
'Building file: ../signal.c'
'Invoking: C5500 Compiler'
"C:/ti/ccsv6/tools/compiler/c5500_4.4.1/bin/cl55" -v5515 --memory_model=large -g --include_path="C:/ti/ccsv6/tools/compiler/c5500_4.4.1/include" --include_path="C:/Users/student/Desktop/ra46-2014/Vezba 1/Vezba 1/c55xx_csl/inc" --include_path="C:/Users/student/Desktop/ra46-2014/Vezba 1/Vezba 1/include" --define=c5535 --diag_warning=225 --ptrdiff_size=16 --preproc_with_compile --preproc_dependency="signal.pp"  "../signal.c"
'Finished building: ../signal.c'
' '
'Building target: Zadatak1.out'
'Invoking: C5500 Linker'
"C:/ti/ccsv6/tools/compiler/c5500_4.4.1/bin/cl55" -v5515 --memory_model=large -g --define=c5535 --diag_warning=225 --ptrdiff_size=16 -z -m"Zadatak1.map" --stack_size=0x200 --heap_size=0x400 -i"C:/ti/ccsv6/tools/compiler/c5500_4.4.1/lib" -i"C:/ti/ccsv6/tools/compiler/c5500_4.4.1/include" -i"C:/Users/student/Desktop/ra46-2014/Vezba 1/Vezba 1/c55xx_csl/lib" -i"C:/Users/student/Desktop/ra46-2014/Vezba 1/Vezba 1/lib" --reread_libs --warn_sections --xml_link_info="vezba-ezdsp_linkInfo.xml" --rom_model --sys_stacksize=0x200 -o "Zadatak1.out" "./filter_coeff.obj" "./fir.obj" "./main.obj" "./processing.obj" "./signal.obj" "../lnkx.cmd" "../lib/ezdsp5535bsl.lib" "../c55xx_csl/lib/cslVC5505.lib"  -l"rts55x.lib" -l"ezdsp5535bsl.lib" -l"cslVC5505.lib" -l"libc.a" 
<Linking>
'Finished building target: Zadatak1.out'
' '

**** Build Finished ****

**** Build of configuration Debug for project Zadatak1 ****

"C:\\ti\\ccsv6\\utils\\bin\\gmake" -k all 
'Building file: ../processing.c'
'Invoking: C5500 Compiler'
"C:/ti/ccsv6/tools/compiler/c5500_4.4.1/bin/cl55" -v5515 --memory_model=large -g --include_path="C:/ti/ccsv6/tools/compiler/c5500_4.4.1/include" --include_path="C:/Users/student/Desktop/ra46-2014/Vezba 1/Vezba 1/c55xx_csl/inc" --include_path="C:/Users/student/Desktop/ra46-2014/Vezba 1/Vezba 1/include" --define=c5535 --diag_warning=225 --ptrdiff_size=16 --preproc_with_compile --preproc_dependency="processing.pp"  "../processing.c"
"../processing.c", line 16: warning: expression has no effect

>> Compilation failure
"../processing.c", line 27: warning: function declared implicitly
"../processing.c", line 27: error: identifier "lp_filter" is undefined
"../processing.c", line 27: error: type name is not allowed
"../processing.c", line 27: error: identifier "history" is undefined
"../processing.c", line 27: error: identifier "N_COEFF" is undefined
"../processing.c", line 29: error: expected a ";"
"../processing.c", line 31: error: identifier "i" is undefined
6 errors detected in the compilation of "../processing.c".
gmake: *** [processing.obj] Error 1
gmake: Target `all' not remade because of errors.

**** Build Finished ****

**** Build of configuration Debug for project Zadatak1 ****

"C:\\ti\\ccsv6\\utils\\bin\\gmake" -k all 
'Building file: ../processing.c'
'Invoking: C5500 Compiler'
"C:/ti/ccsv6/tools/compiler/c5500_4.4.1/bin/cl55" -v5515 --memory_model=large -g --include_path="C:/ti/ccsv6/tools/compiler/c5500_4.4.1/include" --include_path="C:/Users/student/Desktop/ra46-2014/Vezba 1/Vezba 1/c55xx_csl/inc" --include_path="C:/Users/student/Desktop/ra46-2014/Vezba 1/Vezba 1/include" --define=c5535 --diag_warning=225 --ptrdiff_size=16 --preproc_with_compile --preproc_dependency="processing.pp"  "../processing.c"
"../processing.c", line 18: warning: expression has no effect
'Finished building: ../processing.c'
' '
'Building target: Zadatak1.out'
'Invoking: C5500 Linker'
"C:/ti/ccsv6/tools/compiler/c5500_4.4.1/bin/cl55" -v5515 --memory_model=large -g --define=c5535 --diag_warning=225 --ptrdiff_size=16 -z -m"Zadatak1.map" --stack_size=0x200 --heap_size=0x400 -i"C:/ti/ccsv6/tools/compiler/c5500_4.4.1/lib" -i"C:/ti/ccsv6/tools/compiler/c5500_4.4.1/include" -i"C:/Users/student/Desktop/ra46-2014/Vezba 1/Vezba 1/c55xx_csl/lib" -i"C:/Users/student/Desktop/ra46-2014/Vezba 1/Vezba 1/lib" --reread_libs --warn_sections --xml_link_info="vezba-ezdsp_linkInfo.xml" --rom_model --sys_stacksize=0x200 -o "Zadatak1.out" "./filter_coeff.obj" "./fir.obj" "./main.obj" "./processing.obj" "./signal.obj" "../lnkx.cmd" "../lib/ezdsp5535bsl.lib" "../c55xx_csl/lib/cslVC5505.lib"  -l"rts55x.lib" -l"ezdsp5535bsl.lib" -l"cslVC5505.lib" -l"libc.a" 
<Linking>
'Finished building target: Zadatak1.out'
' '

**** Build Finished ****

**** Build of configuration Debug for project Zadatak1 ****

"C:\\ti\\ccsv6\\utils\\bin\\gmake" -k all 
gmake: Nothing to be done for `all'.

**** Build Finished ****

**** Build of configuration Debug for project Zadatak1 ****

"C:\\ti\\ccsv6\\utils\\bin\\gmake" -k all 
'Building file: ../processing.c'
'Invoking: C5500 Compiler'
"C:/ti/ccsv6/tools/compiler/c5500_4.4.1/bin/cl55" -v5515 --memory_model=large -g --include_path="C:/ti/ccsv6/tools/compiler/c5500_4.4.1/include" --include_path="C:/Users/student/Desktop/ra46-2014/Vezba 1/Vezba 1/c55xx_csl/inc" --include_path="C:/Users/student/Desktop/ra46-2014/Vezba 1/Vezba 1/include" --define=c5535 --diag_warning=225 --ptrdiff_size=16 --preproc_with_compile --preproc_dependency="processing.pp"  "../processing.c"
"../processing.c", line 17: warning: expression has no effect

>> Compilation failure
"../processing.c", line 26: warning: nested comment is not allowed
"../processing.c", line 27: error: function call is not allowed in a constant expression
"../processing.c", line 27: error: identifier "input" is undefined
"../processing.c", line 27: error: type name is not allowed
"../processing.c", line 27: error: identifier "history" is undefined
"../processing.c", line 29: error: expected a ";"
"../processing.c", line 31: error: expected a declaration
At end of source: warning: parsing restarts here after previous syntax error
6 errors detected in the compilation of "../processing.c".
gmake: *** [processing.obj] Error 1
gmake: Target `all' not remade because of errors.

**** Build Finished ****

**** Build of configuration Debug for project Zadatak1 ****

"C:\\ti\\ccsv6\\utils\\bin\\gmake" -k all 
'Building file: ../processing.c'
'Invoking: C5500 Compiler'
"C:/ti/ccsv6/tools/compiler/c5500_4.4.1/bin/cl55" -v5515 --memory_model=large -g --include_path="C:/ti/ccsv6/tools/compiler/c5500_4.4.1/include" --include_path="C:/Users/student/Desktop/ra46-2014/Vezba 1/Vezba 1/c55xx_csl/inc" --include_path="C:/Users/student/Desktop/ra46-2014/Vezba 1/Vezba 1/include" --define=c5535 --diag_warning=225 --ptrdiff_size=16 --preproc_with_compile --preproc_dependency="processing.pp"  "../processing.c"
"../processing.c", line 17: warning: expression has no effect
'Finished building: ../processing.c'
' '
'Building target: Zadatak1.out'
'Invoking: C5500 Linker'
"C:/ti/ccsv6/tools/compiler/c5500_4.4.1/bin/cl55" -v5515 --memory_model=large -g --define=c5535 --diag_warning=225 --ptrdiff_size=16 -z -m"Zadatak1.map" --stack_size=0x200 --heap_size=0x400 -i"C:/ti/ccsv6/tools/compiler/c5500_4.4.1/lib" -i"C:/ti/ccsv6/tools/compiler/c5500_4.4.1/include" -i"C:/Users/student/Desktop/ra46-2014/Vezba 1/Vezba 1/c55xx_csl/lib" -i"C:/Users/student/Desktop/ra46-2014/Vezba 1/Vezba 1/lib" --reread_libs --warn_sections --xml_link_info="vezba-ezdsp_linkInfo.xml" --rom_model --sys_stacksize=0x200 -o "Zadatak1.out" "./filter_coeff.obj" "./fir.obj" "./main.obj" "./processing.obj" "./signal.obj" "../lnkx.cmd" "../lib/ezdsp5535bsl.lib" "../c55xx_csl/lib/cslVC5505.lib"  -l"rts55x.lib" -l"ezdsp5535bsl.lib" -l"cslVC5505.lib" -l"libc.a" 
<Linking>
'Finished building target: Zadatak1.out'
' '

**** Build Finished ****

**** Build of configuration Debug for project Zadatak1 ****

"C:\\ti\\ccsv6\\utils\\bin\\gmake" -k all 
'Building file: ../processing.c'
'Invoking: C5500 Compiler'
"C:/ti/ccsv6/tools/compiler/c5500_4.4.1/bin/cl55" -v5515 --memory_model=large -g --include_path="C:/ti/ccsv6/tools/compiler/c5500_4.4.1/include" --include_path="C:/Users/student/Desktop/ra46-2014/Vezba 1/Vezba 1/c55xx_csl/inc" --include_path="C:/Users/student/Desktop/ra46-2014/Vezba 1/Vezba 1/include" --define=c5535 --diag_warning=225 --ptrdiff_size=16 --preproc_with_compile --preproc_dependency="processing.pp"  "../processing.c"
"../processing.c", line 17: warning: expression has no effect
"../processing.c", line 20: warning: function declared implicitly
'Finished building: ../processing.c'
' '
'Building target: Zadatak1.out'
'Invoking: C5500 Linker'
"C:/ti/ccsv6/tools/compiler/c5500_4.4.1/bin/cl55" -v5515 --memory_model=large -g --define=c5535 --diag_warning=225 --ptrdiff_size=16 -z -m"Zadatak1.map" --stack_size=0x200 --heap_size=0x400 -i"C:/ti/ccsv6/tools/compiler/c5500_4.4.1/lib" -i"C:/ti/ccsv6/tools/compiler/c5500_4.4.1/include" -i"C:/Users/student/Desktop/ra46-2014/Vezba 1/Vezba 1/c55xx_csl/lib" -i"C:/Users/student/Desktop/ra46-2014/Vezba 1/Vezba 1/lib" --reread_libs --warn_sections --xml_link_info="vezba-ezdsp_linkInfo.xml" --rom_model --sys_stacksize=0x200 -o "Zadatak1.out" "./filter_coeff.obj" "./fir.obj" "./main.obj" "./processing.obj" "./signal.obj" "../lnkx.cmd" "../lib/ezdsp5535bsl.lib" "../c55xx_csl/lib/cslVC5505.lib"  -l"rts55x.lib" -l"ezdsp5535bsl.lib" -l"cslVC5505.lib" -l"libc.a" 
<Linking>
'Finished building target: Zadatak1.out'
' '

**** Build Finished ****

**** Build of configuration Debug for project Zadatak1 ****

"C:\\ti\\ccsv6\\utils\\bin\\gmake" -k all 
'Building file: ../processing.c'
'Invoking: C5500 Compiler'
"C:/ti/ccsv6/tools/compiler/c5500_4.4.1/bin/cl55" -v5515 --memory_model=large -g --include_path="C:/ti/ccsv6/tools/compiler/c5500_4.4.1/include" --include_path="C:/Users/student/Desktop/ra46-2014/Vezba 1/Vezba 1/c55xx_csl/inc" --include_path="C:/Users/student/Desktop/ra46-2014/Vezba 1/Vezba 1/include" --define=c5535 --diag_warning=225 --ptrdiff_size=16 --preproc_with_compile --preproc_dependency="processing.pp"  "../processing.c"
"../processing.c", line 17: warning: expression has no effect
"../processing.c", line 27: error: argument of type "Int16 *" is incompatible with parameter of type "Int16"
"../processing.c", line 29: error: argument of type "Int16" is incompatible with parameter of type "Int16 *"
2 errors detected in the compilation of "../processing.c".

>> Compilation failure
gmake: *** [processing.obj] Error 1
gmake: Target `all' not remade because of errors.

**** Build Finished ****

**** Build of configuration Debug for project Zadatak1 ****

"C:\\ti\\ccsv6\\utils\\bin\\gmake" -k all 
'Building file: ../processing.c'
'Invoking: C5500 Compiler'
"C:/ti/ccsv6/tools/compiler/c5500_4.4.1/bin/cl55" -v5515 --memory_model=large -g --include_path="C:/ti/ccsv6/tools/compiler/c5500_4.4.1/include" --include_path="C:/Users/student/Desktop/ra46-2014/Vezba 1/Vezba 1/c55xx_csl/inc" --include_path="C:/Users/student/Desktop/ra46-2014/Vezba 1/Vezba 1/include" --define=c5535 --diag_warning=225 --ptrdiff_size=16 --preproc_with_compile --preproc_dependency="processing.pp"  "../processing.c"
"../processing.c", line 17: warning: expression has no effect
"../processing.c", line 27: error: argument of type "Int16 *" is incompatible with parameter of type "Int16"
"../processing.c", line 27: error: argument of type "Int16" is incompatible with parameter of type "Int16 *"
"../processing.c", line 27: error: argument of type "Int16" is incompatible with parameter of type "Int16 *"
"../processing.c", line 29: error: operand of "*" must be a pointer

"../processing.c", line 29: error: argument of type "Int16" is incompatible with parameter of type "Int16 *"
5 errors detected in the compilation of "../processing.c".
>> Compilation failure
gmake: *** [processing.obj] Error 1
gmake: Target `all' not remade because of errors.

**** Build Finished ****

**** Build of configuration Debug for project Zadatak1 ****

"C:\\ti\\ccsv6\\utils\\bin\\gmake" -k all 
'Building file: ../processing.c'
'Invoking: C5500 Compiler'
"C:/ti/ccsv6/tools/compiler/c5500_4.4.1/bin/cl55" -v5515 --memory_model=large -g --include_path="C:/ti/ccsv6/tools/compiler/c5500_4.4.1/include" --include_path="C:/Users/student/Desktop/ra46-2014/Vezba 1/Vezba 1/c55xx_csl/inc" --include_path="C:/Users/student/Desktop/ra46-2014/Vezba 1/Vezba 1/include" --define=c5535 --diag_warning=225 --ptrdiff_size=16 --preproc_with_compile --preproc_dependency="processing.pp"  "../processing.c"
"../processing.c", line 17: warning: expression has no effect
'Finished building: ../processing.c'
' '
'Building target: Zadatak1.out'
'Invoking: C5500 Linker'
"C:/ti/ccsv6/tools/compiler/c5500_4.4.1/bin/cl55" -v5515 --memory_model=large -g --define=c5535 --diag_warning=225 --ptrdiff_size=16 -z -m"Zadatak1.map" --stack_size=0x200 --heap_size=0x400 -i"C:/ti/ccsv6/tools/compiler/c5500_4.4.1/lib" -i"C:/ti/ccsv6/tools/compiler/c5500_4.4.1/include" -i"C:/Users/student/Desktop/ra46-2014/Vezba 1/Vezba 1/c55xx_csl/lib" -i"C:/Users/student/Desktop/ra46-2014/Vezba 1/Vezba 1/lib" --reread_libs --warn_sections --xml_link_info="vezba-ezdsp_linkInfo.xml" --rom_model --sys_stacksize=0x200 -o "Zadatak1.out" "./filter_coeff.obj" "./fir.obj" "./main.obj" "./processing.obj" "./signal.obj" "../lnkx.cmd" "../lib/ezdsp5535bsl.lib" "../c55xx_csl/lib/cslVC5505.lib"  -l"rts55x.lib" -l"ezdsp5535bsl.lib" -l"cslVC5505.lib" -l"libc.a" 
<Linking>
'Finished building target: Zadatak1.out'
' '

**** Build Finished ****

**** Build of configuration Debug for project Zadatak1 ****

"C:\\ti\\ccsv6\\utils\\bin\\gmake" -k all 
gmake: Nothing to be done for `all'.

**** Build Finished ****

**** Build of configuration Debug for project Zadatak1 ****

"C:\\ti\\ccsv6\\utils\\bin\\gmake" -k all 
'Building file: ../processing.c'
'Invoking: C5500 Compiler'
"C:/ti/ccsv6/tools/compiler/c5500_4.4.1/bin/cl55" -v5515 --memory_model=large -g --include_path="C:/ti/ccsv6/tools/compiler/c5500_4.4.1/include" --include_path="C:/Users/student/Desktop/ra46-2014/Vezba 1/Vezba 1/c55xx_csl/inc" --include_path="C:/Users/student/Desktop/ra46-2014/Vezba 1/Vezba 1/include" --define=c5535 --diag_warning=225 --ptrdiff_size=16 --preproc_with_compile --preproc_dependency="processing.pp"  "../processing.c"
"../processing.c", line 18: warning: expression has no effect
"../processing.c", line 33: warning: expression has no effect
'Finished building: ../processing.c'
' '
'Building target: Zadatak1.out'
'Invoking: C5500 Linker'
"C:/ti/ccsv6/tools/compiler/c5500_4.4.1/bin/cl55" -v5515 --memory_model=large -g --define=c5535 --diag_warning=225 --ptrdiff_size=16 -z -m"Zadatak1.map" --stack_size=0x200 --heap_size=0x400 -i"C:/ti/ccsv6/tools/compiler/c5500_4.4.1/lib" -i"C:/ti/ccsv6/tools/compiler/c5500_4.4.1/include" -i"C:/Users/student/Desktop/ra46-2014/Vezba 1/Vezba 1/c55xx_csl/lib" -i"C:/Users/student/Desktop/ra46-2014/Vezba 1/Vezba 1/lib" --reread_libs --warn_sections --xml_link_info="vezba-ezdsp_linkInfo.xml" --rom_model --sys_stacksize=0x200 -o "Zadatak1.out" "./filter_coeff.obj" "./fir.obj" "./main.obj" "./processing.obj" "./signal.obj" "../lnkx.cmd" "../lib/ezdsp5535bsl.lib" "../c55xx_csl/lib/cslVC5505.lib"  -l"rts55x.lib" -l"ezdsp5535bsl.lib" -l"cslVC5505.lib" -l"libc.a" 
<Linking>
'Finished building target: Zadatak1.out'
' '

**** Build Finished ****

**** Build of configuration Debug for project Zadatak1 ****

"C:\\ti\\ccsv6\\utils\\bin\\gmake" -k all 
'Building file: ../processing.c'
'Invoking: C5500 Compiler'
"C:/ti/ccsv6/tools/compiler/c5500_4.4.1/bin/cl55" -v5515 --memory_model=large -g --include_path="C:/ti/ccsv6/tools/compiler/c5500_4.4.1/include" --include_path="C:/Users/student/Desktop/ra46-2014/Vezba 1/Vezba 1/c55xx_csl/inc" --include_path="C:/Users/student/Desktop/ra46-2014/Vezba 1/Vezba 1/include" --define=c5535 --diag_warning=225 --ptrdiff_size=16 --preproc_with_compile --preproc_dependency="processing.pp"  "../processing.c"
'Finished building: ../processing.c'
' '
'Building target: Zadatak1.out'
'Invoking: C5500 Linker'
"C:/ti/ccsv6/tools/compiler/c5500_4.4.1/bin/cl55" -v5515 --memory_model=large -g --define=c5535 --diag_warning=225 --ptrdiff_size=16 -z -m"Zadatak1.map" --stack_size=0x200 --heap_size=0x400 -i"C:/ti/ccsv6/tools/compiler/c5500_4.4.1/lib" -i"C:/ti/ccsv6/tools/compiler/c5500_4.4.1/include" -i"C:/Users/student/Desktop/ra46-2014/Vezba 1/Vezba 1/c55xx_csl/lib" -i"C:/Users/student/Desktop/ra46-2014/Vezba 1/Vezba 1/lib" --reread_libs --warn_sections --xml_link_info="vezba-ezdsp_linkInfo.xml" --rom_model --sys_stacksize=0x200 -o "Zadatak1.out" "./filter_coeff.obj" "./fir.obj" "./main.obj" "./processing.obj" "./signal.obj" "../lnkx.cmd" "../lib/ezdsp5535bsl.lib" "../c55xx_csl/lib/cslVC5505.lib"  -l"rts55x.lib" -l"ezdsp5535bsl.lib" -l"cslVC5505.lib" -l"libc.a" 
<Linking>
'Finished building target: Zadatak1.out'
' '

**** Build Finished ****

**** Build of configuration Debug for project Zadatak1 ****

"C:\\ti\\ccsv6\\utils\\bin\\gmake" -k all 
'Building file: ../processing.c'
'Invoking: C5500 Compiler'
"C:/ti/ccsv6/tools/compiler/c5500_4.4.1/bin/cl55" -v5515 --memory_model=large -g --include_path="C:/ti/ccsv6/tools/compiler/c5500_4.4.1/include" --include_path="C:/Users/student/Desktop/ra46-2014/Vezba 1/Vezba 1/c55xx_csl/inc" --include_path="C:/Users/student/Desktop/ra46-2014/Vezba 1/Vezba 1/include" --define=c5535 --diag_warning=225 --ptrdiff_size=16 --preproc_with_compile --preproc_dependency="processing.pp"  "../processing.c"
"../processing.c", line 28: error: argument of type "Int16 *" is incompatible with parameter of type "Int16"
"../processing.c", line 33: warning: expression has no effect

1 error detected in the compilation of "../processing.c".
>> Compilation failure
gmake: *** [processing.obj] Error 1
gmake: Target `all' not remade because of errors.

**** Build Finished ****

**** Build of configuration Debug for project Zadatak1 ****

"C:\\ti\\ccsv6\\utils\\bin\\gmake" -k all 
'Building file: ../processing.c'
'Invoking: C5500 Compiler'
"C:/ti/ccsv6/tools/compiler/c5500_4.4.1/bin/cl55" -v5515 --memory_model=large -g --include_path="C:/ti/ccsv6/tools/compiler/c5500_4.4.1/include" --include_path="C:/Users/student/Desktop/ra46-2014/Vezba 1/Vezba 1/c55xx_csl/inc" --include_path="C:/Users/student/Desktop/ra46-2014/Vezba 1/Vezba 1/include" --define=c5535 --diag_warning=225 --ptrdiff_size=16 --preproc_with_compile --preproc_dependency="processing.pp"  "../processing.c"
'Finished building: ../processing.c'
' '
'Building target: Zadatak1.out'
'Invoking: C5500 Linker'
"C:/ti/ccsv6/tools/compiler/c5500_4.4.1/bin/cl55" -v5515 --memory_model=large -g --define=c5535 --diag_warning=225 --ptrdiff_size=16 -z -m"Zadatak1.map" --stack_size=0x200 --heap_size=0x400 -i"C:/ti/ccsv6/tools/compiler/c5500_4.4.1/lib" -i"C:/ti/ccsv6/tools/compiler/c5500_4.4.1/include" -i"C:/Users/student/Desktop/ra46-2014/Vezba 1/Vezba 1/c55xx_csl/lib" -i"C:/Users/student/Desktop/ra46-2014/Vezba 1/Vezba 1/lib" --reread_libs --warn_sections --xml_link_info="vezba-ezdsp_linkInfo.xml" --rom_model --sys_stacksize=0x200 -o "Zadatak1.out" "./filter_coeff.obj" "./fir.obj" "./main.obj" "./processing.obj" "./signal.obj" "../lnkx.cmd" "../lib/ezdsp5535bsl.lib" "../c55xx_csl/lib/cslVC5505.lib"  -l"rts55x.lib" -l"ezdsp5535bsl.lib" -l"cslVC5505.lib" -l"libc.a" 
<Linking>
'Finished building target: Zadatak1.out'
' '

**** Build Finished ****

**** Build of configuration Debug for project Zadatak1 ****

"C:\\ti\\ccsv6\\utils\\bin\\gmake" -k all 
gmake: Nothing to be done for `all'.

**** Build Finished ****

**** Clean-only build of configuration Debug for project EQ ****

"C:\\ti\\ccsv6\\utils\\bin\\gmake" -k clean 
DEL /F  "EQ.out"  "EQ.hex" 
Could Not Find C:\Users\student\Desktop\ra46-2014\OAiS-DSP2\EQ\Debug\EQ.out
DEL /F "aic3204.pp" "aic3204_init.pp" "ezdsp5535_aic3204_dma.pp" "iir.pp" "main.pp" "print_number.pp" "processing.pp" 
Could Not Find C:\Users\student\Desktop\ra46-2014\OAiS-DSP2\EQ\Debug\aic3204.pp
DEL /F "aic3204.obj" "aic3204_init.obj" "ezdsp5535_aic3204_dma.obj" "iir.obj" "main.obj" "print_number.obj" "processing.obj" 
Could Not Find C:\Users\student\Desktop\ra46-2014\OAiS-DSP2\EQ\Debug\aic3204.obj
'Finished clean'
' '

**** Build Finished ****

**** Build of configuration Debug for project EQ ****

"C:\\ti\\ccsv6\\utils\\bin\\gmake" -k all 
'Building file: ../aic3204.c'
'Invoking: C5500 Compiler'
"C:/ti/ccsv6/tools/compiler/c5500_4.4.1/bin/cl55" -v5515 --memory_model=large -g --include_path="C:/ti/ccsv6/tools/compiler/c5500_4.4.1/include" --include_path="C:/Users/student/Desktop/ra46-2014/OAiS-DSP2/EQ/c55xx_csl/inc" --include_path="C:/Users/student/Desktop/ra46-2014/OAiS-DSP2/EQ/include" --define=c5535 --diag_warning=225 --ptrdiff_size=16 --preproc_with_compile --preproc_dependency="aic3204.pp"  "../aic3204.c"
'Finished building: ../aic3204.c'
' '
'Building file: ../aic3204_init.c'
'Invoking: C5500 Compiler'
"C:/ti/ccsv6/tools/compiler/c5500_4.4.1/bin/cl55" -v5515 --memory_model=large -g --include_path="C:/ti/ccsv6/tools/compiler/c5500_4.4.1/include" --include_path="C:/Users/student/Desktop/ra46-2014/OAiS-DSP2/EQ/c55xx_csl/inc" --include_path="C:/Users/student/Desktop/ra46-2014/OAiS-DSP2/EQ/include" --define=c5535 --diag_warning=225 --ptrdiff_size=16 --preproc_with_compile --preproc_dependency="aic3204_init.pp"  "../aic3204_init.c"
'Finished building: ../aic3204_init.c'
' '
'Building file: ../ezdsp5535_aic3204_dma.c'
'Invoking: C5500 Compiler'
"C:/ti/ccsv6/tools/compiler/c5500_4.4.1/bin/cl55" -v5515 --memory_model=large -g --include_path="C:/ti/ccsv6/tools/compiler/c5500_4.4.1/include" --include_path="C:/Users/student/Desktop/ra46-2014/OAiS-DSP2/EQ/c55xx_csl/inc" --include_path="C:/Users/student/Desktop/ra46-2014/OAiS-DSP2/EQ/include" --define=c5535 --diag_warning=225 --ptrdiff_size=16 --preproc_with_compile --preproc_dependency="ezdsp5535_aic3204_dma.pp"  "../ezdsp5535_aic3204_dma.c"
'Finished building: ../ezdsp5535_aic3204_dma.c'
' '
'Building file: ../iir.c'
'Invoking: C5500 Compiler'
"C:/ti/ccsv6/tools/compiler/c5500_4.4.1/bin/cl55" -v5515 --memory_model=large -g --include_path="C:/ti/ccsv6/tools/compiler/c5500_4.4.1/include" --include_path="C:/Users/student/Desktop/ra46-2014/OAiS-DSP2/EQ/c55xx_csl/inc" --include_path="C:/Users/student/Desktop/ra46-2014/OAiS-DSP2/EQ/include" --define=c5535 --diag_warning=225 --ptrdiff_size=16 --preproc_with_compile --preproc_dependency="iir.pp"  "../iir.c"
'Finished building: ../iir.c'
' '
'Building file: ../main.c'
'Invoking: C5500 Compiler'
"C:/ti/ccsv6/tools/compiler/c5500_4.4.1/bin/cl55" -v5515 --memory_model=large -g --include_path="C:/ti/ccsv6/tools/compiler/c5500_4.4.1/include" --include_path="C:/Users/student/Desktop/ra46-2014/OAiS-DSP2/EQ/c55xx_csl/inc" --include_path="C:/Users/student/Desktop/ra46-2014/OAiS-DSP2/EQ/include" --define=c5535 --diag_warning=225 --ptrdiff_size=16 --preproc_with_compile --preproc_dependency="main.pp"  "../main.c"
"../main.c", line 69: error: expected an expression

>> Compilation failure
"../main.c", line 69: error: type name is not allowed
'Building file: ../print_number.c'
'Invoking: C5500 Compiler'
"C:/ti/ccsv6/tools/compiler/c5500_4.4.1/bin/cl55" -v5515 --memory_model=large -g --include_path="C:/ti/ccsv6/tools/compiler/c5500_4.4.1/include" --include_path="C:/Users/student/Desktop/ra46-2014/OAiS-DSP2/EQ/c55xx_csl/inc" --include_path="C:/Users/student/Desktop/ra46-2014/OAiS-DSP2/EQ/include" --define=c5535 --diag_warning=225 --ptrdiff_size=16 --preproc_with_compile --preproc_dependency="print_number.pp"  "../print_number.c"
"../main.c", line 69: error: identifier "output" is undefined
"../main.c", line 70: error: expected an expression
"../main.c", line 70: error: expected an expression
"../main.c", line 70: error: type name is not allowed
"../main.c", line 77: warning: statement is unreachable
6 errors detected in the compilation of "../main.c".
gmake: *** [main.obj] Error 1
'Finished building: ../print_number.c'
' '
'Building file: ../processing.c'
'Invoking: C5500 Compiler'
"C:/ti/ccsv6/tools/compiler/c5500_4.4.1/bin/cl55" -v5515 --memory_model=large -g --include_path="C:/ti/ccsv6/tools/compiler/c5500_4.4.1/include" --include_path="C:/Users/student/Desktop/ra46-2014/OAiS-DSP2/EQ/c55xx_csl/inc" --include_path="C:/Users/student/Desktop/ra46-2014/OAiS-DSP2/EQ/include" --define=c5535 --diag_warning=225 --ptrdiff_size=16 --preproc_with_compile --preproc_dependency="processing.pp"  "../processing.c"
'Finished building: ../processing.c'
' '
gmake: Target `all' not remade because of errors.

**** Build Finished ****

**** Build of configuration Debug for project EQ ****

"C:\\ti\\ccsv6\\utils\\bin\\gmake" -k all 
'Building file: ../main.c'
'Invoking: C5500 Compiler'
"C:/ti/ccsv6/tools/compiler/c5500_4.4.1/bin/cl55" -v5515 --memory_model=large -g --include_path="C:/ti/ccsv6/tools/compiler/c5500_4.4.1/include" --include_path="C:/Users/student/Desktop/ra46-2014/OAiS-DSP2/EQ/c55xx_csl/inc" --include_path="C:/Users/student/Desktop/ra46-2014/OAiS-DSP2/EQ/include" --define=c5535 --diag_warning=225 --ptrdiff_size=16 --preproc_with_compile --preproc_dependency="main.pp"  "../main.c"
"../main.c", line 69: error: expected an expression
"../main.c", line 69: error: identifier "shelvingCoeff" is undefined
"../main.c", line 70: error: expected an expression
"../main.c", line 70: error: identifier "peekingCoeff" is undefined
"../main.c", line 70: error: too few arguments in function call
"../main.c", line 78: warning: statement is unreachable
5 errors detected in the compilation of "../main.c".

>> Compilation failure
gmake: *** [main.obj] Error 1
gmake: Target `all' not remade because of errors.

**** Build Finished ****

**** Build of configuration Debug for project EQ ****

"C:\\ti\\ccsv6\\utils\\bin\\gmake" -k all 
'Building file: ../main.c'
'Invoking: C5500 Compiler'
"C:/ti/ccsv6/tools/compiler/c5500_4.4.1/bin/cl55" -v5515 --memory_model=large -g --include_path="C:/ti/ccsv6/tools/compiler/c5500_4.4.1/include" --include_path="C:/Users/student/Desktop/ra46-2014/OAiS-DSP2/EQ/c55xx_csl/inc" --include_path="C:/Users/student/Desktop/ra46-2014/OAiS-DSP2/EQ/include" --define=c5535 --diag_warning=225 --ptrdiff_size=16 --preproc_with_compile --preproc_dependency="main.pp"  "../main.c"
"../main.c", line 71: error: expected an expression
"../main.c", line 71: error: argument of type "Int16" is incompatible with parameter of type "Int16 *"
"../main.c", line 72: error: expected an expression
"../main.c", line 72: error: too few arguments in function call

>> Compilation failure
"../main.c", line 80: warning: statement is unreachable
4 errors detected in the compilation of "../main.c".
gmake: *** [main.obj] Error 1
gmake: Target `all' not remade because of errors.

**** Build Finished ****

**** Build of configuration Debug for project EQ ****

"C:\\ti\\ccsv6\\utils\\bin\\gmake" -k all 
'Building file: ../main.c'
'Invoking: C5500 Compiler'
"C:/ti/ccsv6/tools/compiler/c5500_4.4.1/bin/cl55" -v5515 --memory_model=large -g --include_path="C:/ti/ccsv6/tools/compiler/c5500_4.4.1/include" --include_path="C:/Users/student/Desktop/ra46-2014/OAiS-DSP2/EQ/c55xx_csl/inc" --include_path="C:/Users/student/Desktop/ra46-2014/OAiS-DSP2/EQ/include" --define=c5535 --diag_warning=225 --ptrdiff_size=16 --preproc_with_compile --preproc_dependency="main.pp"  "../main.c"
"../main.c", line 71: error: expected an expression
"../main.c", line 72: error: expected an expression

"../main.c", line 72: error: argument of type "Int16 *" is incompatible with parameter of type "float"
>> Compilation failure
"../main.c", line 72: error: too few arguments in function call
"../main.c", line 80: warning: statement is unreachable
4 errors detected in the compilation of "../main.c".
gmake: *** [main.obj] Error 1
gmake: Target `all' not remade because of errors.

**** Build Finished ****

**** Build of configuration Debug for project EQ ****

"C:\\ti\\ccsv6\\utils\\bin\\gmake" -k all 
'Building file: ../main.c'
'Invoking: C5500 Compiler'
"C:/ti/ccsv6/tools/compiler/c5500_4.4.1/bin/cl55" -v5515 --memory_model=large -g --include_path="C:/ti/ccsv6/tools/compiler/c5500_4.4.1/include" --include_path="C:/Users/student/Desktop/ra46-2014/OAiS-DSP2/EQ/c55xx_csl/inc" --include_path="C:/Users/student/Desktop/ra46-2014/OAiS-DSP2/EQ/include" --define=c5535 --diag_warning=225 --ptrdiff_size=16 --preproc_with_compile --preproc_dependency="main.pp"  "../main.c"
"../main.c", line 72: error: argument of type "Int16 *" is incompatible with parameter of type "float"
"../main.c", line 72: error: too few arguments in function call
"../main.c", line 80: warning: statement is unreachable
2 errors detected in the compilation of "../main.c".

>> Compilation failure
gmake: *** [main.obj] Error 1
gmake: Target `all' not remade because of errors.

**** Build Finished ****

**** Build of configuration Debug for project EQ ****

"C:\\ti\\ccsv6\\utils\\bin\\gmake" -k all 
'Building file: ../main.c'
'Invoking: C5500 Compiler'
"C:/ti/ccsv6/tools/compiler/c5500_4.4.1/bin/cl55" -v5515 --memory_model=large -g --include_path="C:/ti/ccsv6/tools/compiler/c5500_4.4.1/include" --include_path="C:/Users/student/Desktop/ra46-2014/OAiS-DSP2/EQ/c55xx_csl/inc" --include_path="C:/Users/student/Desktop/ra46-2014/OAiS-DSP2/EQ/include" --define=c5535 --diag_warning=225 --ptrdiff_size=16 --preproc_with_compile --preproc_dependency="main.pp"  "../main.c"
"../main.c", line 80: warning: statement is unreachable
'Finished building: ../main.c'
' '
'Building target: EQ.out'
'Invoking: C5500 Linker'
"C:/ti/ccsv6/tools/compiler/c5500_4.4.1/bin/cl55" -v5515 --memory_model=large -g --define=c5535 --diag_warning=225 --ptrdiff_size=16 -z -m"EQ.map" --stack_size=0x200 --heap_size=0x400 -i"C:/ti/ccsv6/tools/compiler/c5500_4.4.1/lib" -i"C:/ti/ccsv6/tools/compiler/c5500_4.4.1/include" -i"C:/Users/student/Desktop/ra46-2014/OAiS-DSP2/EQ/c55xx_csl/lib" -i"C:/Users/student/Desktop/ra46-2014/OAiS-DSP2/EQ/lib" --reread_libs --warn_sections --xml_link_info="vezba-ezdsp_linkInfo.xml" --rom_model --sys_stacksize=0x200 -o "EQ.out" "./aic3204.obj" "./aic3204_init.obj" "./ezdsp5535_aic3204_dma.obj" "./iir.obj" "./main.obj" "./print_number.obj" "./processing.obj" "../lnkx.cmd" "../lib/ezdsp5535bsl.lib" "../c55xx_csl/lib/cslVC5505.lib"  -l"rts55x.lib" -l"ezdsp5535bsl.lib" -l"cslVC5505.lib" -l"libc.a" 
<Linking>
'Finished building target: EQ.out'
' '

**** Build Finished ****

**** Build of configuration Debug for project EQ ****

"C:\\ti\\ccsv6\\utils\\bin\\gmake" -k all 
'Building file: ../main.c'
'Invoking: C5500 Compiler'
"C:/ti/ccsv6/tools/compiler/c5500_4.4.1/bin/cl55" -v5515 --memory_model=large -g --include_path="C:/ti/ccsv6/tools/compiler/c5500_4.4.1/include" --include_path="C:/Users/student/Desktop/ra46-2014/OAiS-DSP2/EQ/c55xx_csl/inc" --include_path="C:/Users/student/Desktop/ra46-2014/OAiS-DSP2/EQ/include" --define=c5535 --diag_warning=225 --ptrdiff_size=16 --preproc_with_compile --preproc_dependency="main.pp"  "../main.c"
"../main.c", line 73: error: expected an expression
"../main.c", line 73: error: identifier "i" is undefined
"../main.c", line 73: error: identifier "peakingCoeff" is undefined
"../main.c", line 83: warning: statement is unreachable
3 errors detected in the compilation of "../main.c".

>> Compilation failure
gmake: *** [main.obj] Error 1
gmake: Target `all' not remade because of errors.

**** Build Finished ****

**** Build of configuration Debug for project EQ ****

"C:\\ti\\ccsv6\\utils\\bin\\gmake" -k all 
'Building file: ../main.c'
'Invoking: C5500 Compiler'
"C:/ti/ccsv6/tools/compiler/c5500_4.4.1/bin/cl55" -v5515 --memory_model=large -g --include_path="C:/ti/ccsv6/tools/compiler/c5500_4.4.1/include" --include_path="C:/Users/student/Desktop/ra46-2014/OAiS-DSP2/EQ/c55xx_csl/inc" --include_path="C:/Users/student/Desktop/ra46-2014/OAiS-DSP2/EQ/include" --define=c5535 --diag_warning=225 --ptrdiff_size=16 --preproc_with_compile --preproc_dependency="main.pp"  "../main.c"
"../main.c", line 74: error: identifier "peakingCoeff" is undefined
"../main.c", line 84: warning: statement is unreachable
1 error detected in the compilation of "../main.c".

>> Compilation failure
gmake: *** [main.obj] Error 1
gmake: Target `all' not remade because of errors.

**** Build Finished ****

**** Build of configuration Debug for project EQ ****

"C:\\ti\\ccsv6\\utils\\bin\\gmake" -k all 
'Building file: ../main.c'
'Invoking: C5500 Compiler'
"C:/ti/ccsv6/tools/compiler/c5500_4.4.1/bin/cl55" -v5515 --memory_model=large -g --include_path="C:/ti/ccsv6/tools/compiler/c5500_4.4.1/include" --include_path="C:/Users/student/Desktop/ra46-2014/OAiS-DSP2/EQ/c55xx_csl/inc" --include_path="C:/Users/student/Desktop/ra46-2014/OAiS-DSP2/EQ/include" --define=c5535 --diag_warning=225 --ptrdiff_size=16 --preproc_with_compile --preproc_dependency="main.pp"  "../main.c"
"../main.c", line 74: error: identifier "peakingCoeff" is undefined
"../main.c", line 84: warning: statement is unreachable

1 error detected in the compilation of "../main.c".
>> Compilation failure
gmake: *** [main.obj] Error 1
gmake: Target `all' not remade because of errors.

**** Build Finished ****

**** Build of configuration Debug for project EQ ****

"C:\\ti\\ccsv6\\utils\\bin\\gmake" -k all 
'Building file: ../main.c'
'Invoking: C5500 Compiler'
"C:/ti/ccsv6/tools/compiler/c5500_4.4.1/bin/cl55" -v5515 --memory_model=large -g --include_path="C:/ti/ccsv6/tools/compiler/c5500_4.4.1/include" --include_path="C:/Users/student/Desktop/ra46-2014/OAiS-DSP2/EQ/c55xx_csl/inc" --include_path="C:/Users/student/Desktop/ra46-2014/OAiS-DSP2/EQ/include" --define=c5535 --diag_warning=225 --ptrdiff_size=16 --preproc_with_compile --preproc_dependency="main.pp"  "../main.c"
"../main.c", line 74: error: expression must have struct or union type
"../main.c", line 84: warning: statement is unreachable

1 error detected in the compilation of "../main.c".
>> Compilation failure
gmake: *** [main.obj] Error 1
gmake: Target `all' not remade because of errors.

**** Build Finished ****

**** Build of configuration Debug for project EQ ****

"C:\\ti\\ccsv6\\utils\\bin\\gmake" -k all 
'Building file: ../main.c'
'Invoking: C5500 Compiler'
"C:/ti/ccsv6/tools/compiler/c5500_4.4.1/bin/cl55" -v5515 --memory_model=large -g --include_path="C:/ti/ccsv6/tools/compiler/c5500_4.4.1/include" --include_path="C:/Users/student/Desktop/ra46-2014/OAiS-DSP2/EQ/c55xx_csl/inc" --include_path="C:/Users/student/Desktop/ra46-2014/OAiS-DSP2/EQ/include" --define=c5535 --diag_warning=225 --ptrdiff_size=16 --preproc_with_compile --preproc_dependency="main.pp"  "../main.c"
"../main.c", line 84: warning: statement is unreachable
'Finished building: ../main.c'
' '
'Building target: EQ.out'
'Invoking: C5500 Linker'
"C:/ti/ccsv6/tools/compiler/c5500_4.4.1/bin/cl55" -v5515 --memory_model=large -g --define=c5535 --diag_warning=225 --ptrdiff_size=16 -z -m"EQ.map" --stack_size=0x200 --heap_size=0x400 -i"C:/ti/ccsv6/tools/compiler/c5500_4.4.1/lib" -i"C:/ti/ccsv6/tools/compiler/c5500_4.4.1/include" -i"C:/Users/student/Desktop/ra46-2014/OAiS-DSP2/EQ/c55xx_csl/lib" -i"C:/Users/student/Desktop/ra46-2014/OAiS-DSP2/EQ/lib" --reread_libs --warn_sections --xml_link_info="vezba-ezdsp_linkInfo.xml" --rom_model --sys_stacksize=0x200 -o "EQ.out" "./aic3204.obj" "./aic3204_init.obj" "./ezdsp5535_aic3204_dma.obj" "./iir.obj" "./main.obj" "./print_number.obj" "./processing.obj" "../lnkx.cmd" "../lib/ezdsp5535bsl.lib" "../c55xx_csl/lib/cslVC5505.lib"  -l"rts55x.lib" -l"ezdsp5535bsl.lib" -l"cslVC5505.lib" -l"libc.a" 
<Linking>
'Finished building target: EQ.out'
' '

**** Build Finished ****

**** Build of configuration Debug for project EQ ****

"C:\\ti\\ccsv6\\utils\\bin\\gmake" -k all 
'Building file: ../main.c'
'Invoking: C5500 Compiler'
"C:/ti/ccsv6/tools/compiler/c5500_4.4.1/bin/cl55" -v5515 --memory_model=large -g --include_path="C:/ti/ccsv6/tools/compiler/c5500_4.4.1/include" --include_path="C:/Users/student/Desktop/ra46-2014/OAiS-DSP2/EQ/c55xx_csl/inc" --include_path="C:/Users/student/Desktop/ra46-2014/OAiS-DSP2/EQ/include" --define=c5535 --diag_warning=225 --ptrdiff_size=16 --preproc_with_compile --preproc_dependency="main.pp"  "../main.c"
"../main.c", line 85: warning: statement is unreachable
'Finished building: ../main.c'
' '
'Building target: EQ.out'
'Invoking: C5500 Linker'
"C:/ti/ccsv6/tools/compiler/c5500_4.4.1/bin/cl55" -v5515 --memory_model=large -g --define=c5535 --diag_warning=225 --ptrdiff_size=16 -z -m"EQ.map" --stack_size=0x200 --heap_size=0x400 -i"C:/ti/ccsv6/tools/compiler/c5500_4.4.1/lib" -i"C:/ti/ccsv6/tools/compiler/c5500_4.4.1/include" -i"C:/Users/student/Desktop/ra46-2014/OAiS-DSP2/EQ/c55xx_csl/lib" -i"C:/Users/student/Desktop/ra46-2014/OAiS-DSP2/EQ/lib" --reread_libs --warn_sections --xml_link_info="vezba-ezdsp_linkInfo.xml" --rom_model --sys_stacksize=0x200 -o "EQ.out" "./aic3204.obj" "./aic3204_init.obj" "./ezdsp5535_aic3204_dma.obj" "./iir.obj" "./main.obj" "./print_number.obj" "./processing.obj" "../lnkx.cmd" "../lib/ezdsp5535bsl.lib" "../c55xx_csl/lib/cslVC5505.lib"  -l"rts55x.lib" -l"ezdsp5535bsl.lib" -l"cslVC5505.lib" -l"libc.a" 
<Linking>
'Finished building target: EQ.out'
' '

**** Build Finished ****

**** Build of configuration Debug for project EQ ****

"C:\\ti\\ccsv6\\utils\\bin\\gmake" -k all 
'Building file: ../main.c'
'Invoking: C5500 Compiler'
"C:/ti/ccsv6/tools/compiler/c5500_4.4.1/bin/cl55" -v5515 --memory_model=large -g --include_path="C:/ti/ccsv6/tools/compiler/c5500_4.4.1/include" --include_path="C:/Users/student/Desktop/ra46-2014/OAiS-DSP2/EQ/c55xx_csl/inc" --include_path="C:/Users/student/Desktop/ra46-2014/OAiS-DSP2/EQ/include" --define=c5535 --diag_warning=225 --ptrdiff_size=16 --preproc_with_compile --preproc_dependency="main.pp"  "../main.c"
"../main.c", line 79: error: identifier "i" is undefined
"../main.c", line 102: warning: statement is unreachable
1 error detected in the compilation of "../main.c".

>> Compilation failure
gmake: *** [main.obj] Error 1
'Building file: ../processing.c'
'Invoking: C5500 Compiler'
"C:/ti/ccsv6/tools/compiler/c5500_4.4.1/bin/cl55" -v5515 --memory_model=large -g --include_path="C:/ti/ccsv6/tools/compiler/c5500_4.4.1/include" --include_path="C:/Users/student/Desktop/ra46-2014/OAiS-DSP2/EQ/c55xx_csl/inc" --include_path="C:/Users/student/Desktop/ra46-2014/OAiS-DSP2/EQ/include" --define=c5535 --diag_warning=225 --ptrdiff_size=16 --preproc_with_compile --preproc_dependency="processing.pp"  "../processing.c"
"../processing.c", line 35: warning: statement is unreachable
"../processing.c", line 35: error: too few arguments in function call
1 error detected in the compilation of "../processing.c".

>> Compilation failure
gmake: *** [processing.obj] Error 1
gmake: Target `all' not remade because of errors.

**** Build Finished ****

**** Build of configuration Debug for project EQ ****

"C:\\ti\\ccsv6\\utils\\bin\\gmake" -k all 
'Building file: ../main.c'
'Invoking: C5500 Compiler'
"C:/ti/ccsv6/tools/compiler/c5500_4.4.1/bin/cl55" -v5515 --memory_model=large -g --include_path="C:/ti/ccsv6/tools/compiler/c5500_4.4.1/include" --include_path="C:/Users/student/Desktop/ra46-2014/OAiS-DSP2/EQ/c55xx_csl/inc" --include_path="C:/Users/student/Desktop/ra46-2014/OAiS-DSP2/EQ/include" --define=c5535 --diag_warning=225 --ptrdiff_size=16 --preproc_with_compile --preproc_dependency="main.pp"  "../main.c"
"../main.c", line 102: warning: statement is unreachable
'Finished building: ../main.c'
' '
'Building file: ../processing.c'
'Invoking: C5500 Compiler'
"C:/ti/ccsv6/tools/compiler/c5500_4.4.1/bin/cl55" -v5515 --memory_model=large -g --include_path="C:/ti/ccsv6/tools/compiler/c5500_4.4.1/include" --include_path="C:/Users/student/Desktop/ra46-2014/OAiS-DSP2/EQ/c55xx_csl/inc" --include_path="C:/Users/student/Desktop/ra46-2014/OAiS-DSP2/EQ/include" --define=c5535 --diag_warning=225 --ptrdiff_size=16 --preproc_with_compile --preproc_dependency="processing.pp"  "../processing.c"
"../processing.c", line 35: warning: statement is unreachable
"../processing.c", line 35: error: too few arguments in function call
1 error detected in the compilation of "../processing.c".

>> Compilation failure
gmake: *** [processing.obj] Error 1
gmake: Target `all' not remade because of errors.

**** Build Finished ****

**** Build of configuration Debug for project EQ ****

"C:\\ti\\ccsv6\\utils\\bin\\gmake" -k all 
'Building file: ../processing.c'
'Invoking: C5500 Compiler'
"C:/ti/ccsv6/tools/compiler/c5500_4.4.1/bin/cl55" -v5515 --memory_model=large -g --include_path="C:/ti/ccsv6/tools/compiler/c5500_4.4.1/include" --include_path="C:/Users/student/Desktop/ra46-2014/OAiS-DSP2/EQ/c55xx_csl/inc" --include_path="C:/Users/student/Desktop/ra46-2014/OAiS-DSP2/EQ/include" --define=c5535 --diag_warning=225 --ptrdiff_size=16 --preproc_with_compile --preproc_dependency="processing.pp"  "../processing.c"
'Finished building: ../processing.c'
' '
'Building target: EQ.out'
'Invoking: C5500 Linker'
"C:/ti/ccsv6/tools/compiler/c5500_4.4.1/bin/cl55" -v5515 --memory_model=large -g --define=c5535 --diag_warning=225 --ptrdiff_size=16 -z -m"EQ.map" --stack_size=0x200 --heap_size=0x400 -i"C:/ti/ccsv6/tools/compiler/c5500_4.4.1/lib" -i"C:/ti/ccsv6/tools/compiler/c5500_4.4.1/include" -i"C:/Users/student/Desktop/ra46-2014/OAiS-DSP2/EQ/c55xx_csl/lib" -i"C:/Users/student/Desktop/ra46-2014/OAiS-DSP2/EQ/lib" --reread_libs --warn_sections --xml_link_info="vezba-ezdsp_linkInfo.xml" --rom_model --sys_stacksize=0x200 -o "EQ.out" "./aic3204.obj" "./aic3204_init.obj" "./ezdsp5535_aic3204_dma.obj" "./iir.obj" "./main.obj" "./print_number.obj" "./processing.obj" "../lnkx.cmd" "../lib/ezdsp5535bsl.lib" "../c55xx_csl/lib/cslVC5505.lib"  -l"rts55x.lib" -l"ezdsp5535bsl.lib" -l"cslVC5505.lib" -l"libc.a" 
<Linking>
'Finished building target: EQ.out'
' '

**** Build Finished ****
